
  VITE v7.3.1  ready in 166 ms

  ➜  Local:   http://localhost:4200/
  ➜  Network: http://10.0.0.209:4200/
10:18:29 PM [vite] Internal server error: Failed to resolve import "react-tailwindcss-avatar" from "components/AvatarGroup.tsx". Does the file exist?
  Plugin: vite:import-analysis
  File: /Users/tanishqmacmini/projects/auto-uikit/components/AvatarGroup.tsx:2:23
  1  |  import { jsxDEV } from "react/jsx-dev-runtime";
  2  |  import React from "react";
  3  |  import { Avatar } from "react-tailwindcss-avatar";
     |                          ^
  4  |  const AvatarGroup = ({ variant, size = "md", children }) => {
  5  |    const getColorClass = (variant2) => {
      at TransformPluginContext._formatLog (file:///Users/tanishqmacmini/projects/auto-uikit/node_modules/vite/dist/node/chunks/config.js:28999:43)
      at TransformPluginContext.error (file:///Users/tanishqmacmini/projects/auto-uikit/node_modules/vite/dist/node/chunks/config.js:28996:14)
      at normalizeUrl (file:///Users/tanishqmacmini/projects/auto-uikit/node_modules/vite/dist/node/chunks/config.js:27119:18)
      at process.processTicksAndRejections (node:internal/process/task_queues:103:5)
      at async file:///Users/tanishqmacmini/projects/auto-uikit/node_modules/vite/dist/node/chunks/config.js:27177:32
      at async Promise.all (index 2)
      at async TransformPluginContext.transform (file:///Users/tanishqmacmini/projects/auto-uikit/node_modules/vite/dist/node/chunks/config.js:27145:4)
      at async EnvironmentPluginContainer.transform (file:///Users/tanishqmacmini/projects/auto-uikit/node_modules/vite/dist/node/chunks/config.js:28797:14)
      at async loadAndTransform (file:///Users/tanishqmacmini/projects/auto-uikit/node_modules/vite/dist/node/chunks/config.js:22670:26)
10:19:02 PM [vite] (client) hmr update /components/RadioGroup.tsx, /preview/styles.css
10:19:02 PM [vite] (client) hmr update /components/RadioGroup.tsx, /preview/styles.css
10:19:41 PM [vite] (client) hmr update /components/RadioGroup.tsx, /preview/styles.css
10:19:41 PM [vite] (client) hmr update /components/RadioGroup.tsx, /preview/styles.css
10:20:20 PM [vite] (client) hmr update /components/RadioGroup.tsx, /preview/styles.css
10:20:20 PM [vite] (client) hmr update /components/RadioGroup.tsx, /preview/styles.css
10:21:00 PM [vite] (client) hmr update /components/RadioGroup.tsx, /preview/styles.css
10:21:00 PM [vite] (client) hmr update /components/RadioGroup.tsx, /preview/styles.css
10:21:40 PM [vite] (client) hmr update /components/RadioGroup.tsx, /preview/styles.css
10:21:40 PM [vite] (client) hmr update /components/RadioGroup.tsx, /preview/styles.css
10:22:19 PM [vite] (client) hmr update /components/RadioGroup.tsx, /preview/styles.css
10:22:19 PM [vite] (client) hmr update /components/RadioGroup.tsx, /preview/styles.css
10:22:58 PM [vite] (client) hmr update /components/RadioGroup.tsx, /preview/styles.css
10:22:58 PM [vite] (client) hmr update /components/RadioGroup.tsx, /preview/styles.css
10:23:37 PM [vite] (client) hmr update /components/RadioGroup.tsx, /preview/styles.css
10:23:38 PM [vite] (client) hmr update /components/RadioGroup.tsx, /preview/styles.css
10:24:18 PM [vite] (client) hmr update /components/RadioGroup.tsx, /preview/styles.css
10:24:18 PM [vite] (client) hmr update /components/RadioGroup.tsx, /preview/styles.css
10:24:57 PM [vite] (client) hmr update /components/RadioGroup.tsx, /preview/styles.css
10:24:57 PM [vite] (client) hmr update /components/RadioGroup.tsx, /preview/styles.css
10:25:36 PM [vite] (client) hmr update /components/RadioGroup.tsx, /preview/styles.css
10:25:36 PM [vite] (client) hmr update /components/RadioGroup.tsx, /preview/styles.css
10:26:15 PM [vite] (client) hmr update /components/RadioGroup.tsx, /preview/styles.css
10:26:15 PM [vite] (client) hmr update /components/RadioGroup.tsx, /preview/styles.css
10:26:58 PM [vite] (client) hmr update /components/RadioGroup.tsx, /preview/styles.css
10:26:58 PM [vite] (client) hmr update /components/RadioGroup.tsx, /preview/styles.css
10:27:37 PM [vite] (client) hmr update /components/RadioGroup.tsx, /preview/styles.css
10:27:37 PM [vite] (client) hmr update /components/RadioGroup.tsx, /preview/styles.css
10:28:17 PM [vite] (client) hmr update /components/RadioGroup.tsx, /preview/styles.css
10:28:17 PM [vite] (client) hmr update /components/RadioGroup.tsx, /preview/styles.css
10:28:58 PM [vite] (client) hmr update /components/RadioGroup.tsx, /preview/styles.css
10:28:59 PM [vite] (client) hmr update /components/RadioGroup.tsx, /preview/styles.css
10:29:41 PM [vite] (client) hmr update /components/RadioGroup.tsx, /preview/styles.css
10:29:41 PM [vite] (client) hmr update /components/RadioGroup.tsx, /preview/styles.css
10:30:20 PM [vite] (client) hmr update /components/RadioGroup.tsx, /preview/styles.css
10:30:20 PM [vite] (client) hmr update /components/RadioGroup.tsx, /preview/styles.css
10:31:02 PM [vite] (client) hmr update /components/RadioGroup.tsx, /preview/styles.css
10:31:02 PM [vite] (client) hmr update /components/RadioGroup.tsx, /preview/styles.css
10:31:49 PM [vite] (client) hmr update /components/RadioGroup.tsx, /preview/styles.css
10:31:49 PM [vite] (client) hmr update /components/RadioGroup.tsx, /preview/styles.css
10:32:31 PM [vite] (client) hmr update /components/RadioGroup.tsx, /preview/styles.css
10:32:31 PM [vite] (client) hmr update /components/RadioGroup.tsx, /preview/styles.css
10:33:12 PM [vite] (client) hmr update /components/RadioGroup.tsx, /preview/styles.css
10:33:12 PM [vite] (client) hmr update /components/RadioGroup.tsx, /preview/styles.css
10:33:51 PM [vite] (client) hmr update /components/RadioGroup.tsx, /preview/styles.css
10:33:51 PM [vite] (client) hmr update /components/RadioGroup.tsx, /preview/styles.css
10:34:40 PM [vite] (client) hmr update /components/RadioGroup.tsx, /preview/styles.css
10:34:41 PM [vite] (client) hmr update /components/RadioGroup.tsx, /preview/styles.css
10:35:19 PM [vite] (client) hmr update /components/RadioGroup.tsx, /preview/styles.css
10:35:20 PM [vite] (client) hmr update /components/RadioGroup.tsx, /preview/styles.css
10:36:00 PM [vite] (client) hmr update /components/RadioGroup.tsx, /preview/styles.css
10:36:00 PM [vite] (client) hmr update /components/RadioGroup.tsx, /preview/styles.css
10:36:39 PM [vite] (client) hmr update /components/RadioGroup.tsx, /preview/styles.css
10:36:39 PM [vite] (client) hmr update /components/RadioGroup.tsx, /preview/styles.css
10:37:18 PM [vite] (client) hmr update /components/RadioGroup.tsx, /preview/styles.css
10:37:18 PM [vite] (client) hmr update /components/RadioGroup.tsx, /preview/styles.css
10:38:03 PM [vite] (client) hmr update /components/RadioGroup.tsx, /preview/styles.css
10:38:03 PM [vite] (client) hmr update /components/RadioGroup.tsx, /preview/styles.css
10:38:42 PM [vite] (client) hmr update /components/RadioGroup.tsx, /preview/styles.css
10:38:42 PM [vite] (client) hmr update /components/RadioGroup.tsx, /preview/styles.css
10:39:21 PM [vite] (client) hmr update /components/RadioGroup.tsx, /preview/styles.css
10:39:22 PM [vite] (client) hmr update /components/RadioGroup.tsx, /preview/styles.css
10:40:01 PM [vite] (client) hmr update /components/RadioGroup.tsx, /preview/styles.css
10:40:01 PM [vite] (client) hmr update /components/RadioGroup.tsx, /preview/styles.css
10:40:40 PM [vite] (client) hmr update /components/RadioGroup.tsx, /preview/styles.css
10:40:40 PM [vite] (client) hmr update /components/RadioGroup.tsx, /preview/styles.css
10:41:38 PM [vite] (client) hmr update /components/RadioGroup.tsx, /preview/styles.css
10:41:38 PM [vite] (client) hmr update /components/RadioGroup.tsx, /preview/styles.css
10:42:17 PM [vite] (client) hmr update /components/RadioGroup.tsx, /preview/styles.css
10:42:17 PM [vite] (client) hmr update /components/RadioGroup.tsx, /preview/styles.css
10:42:56 PM [vite] (client) hmr update /components/RadioGroup.tsx, /preview/styles.css
10:42:56 PM [vite] (client) hmr update /components/RadioGroup.tsx, /preview/styles.css
10:43:35 PM [vite] (client) hmr update /components/RadioGroup.tsx, /preview/styles.css
10:43:36 PM [vite] (client) hmr update /components/RadioGroup.tsx, /preview/styles.css
10:44:20 PM [vite] (client) hmr update /components/RadioGroup.tsx, /preview/styles.css
10:44:20 PM [vite] (client) hmr update /components/RadioGroup.tsx, /preview/styles.css
10:44:59 PM [vite] (client) hmr update /components/RadioGroup.tsx, /preview/styles.css
10:44:59 PM [vite] (client) hmr update /components/RadioGroup.tsx, /preview/styles.css
10:45:38 PM [vite] (client) hmr update /components/RadioGroup.tsx, /preview/styles.css
10:45:39 PM [vite] (client) hmr update /components/RadioGroup.tsx, /preview/styles.css
10:46:17 PM [vite] (client) hmr update /components/RadioGroup.tsx, /preview/styles.css
10:46:17 PM [vite] (client) hmr update /components/RadioGroup.tsx, /preview/styles.css
10:46:56 PM [vite] (client) hmr update /components/RadioGroup.tsx, /preview/styles.css
10:46:57 PM [vite] (client) hmr update /components/RadioGroup.tsx, /preview/styles.css
10:47:39 PM [vite] (client) hmr update /components/RadioGroup.tsx, /preview/styles.css
10:47:39 PM [vite] (client) hmr update /components/RadioGroup.tsx, /preview/styles.css
10:48:18 PM [vite] (client) hmr update /components/RadioGroup.tsx, /preview/styles.css
10:48:18 PM [vite] (client) hmr update /components/RadioGroup.tsx, /preview/styles.css
10:48:57 PM [vite] (client) hmr update /components/RadioGroup.tsx, /preview/styles.css
10:48:57 PM [vite] (client) hmr update /components/RadioGroup.tsx, /preview/styles.css
10:49:36 PM [vite] (client) hmr update /components/RadioGroup.tsx, /preview/styles.css
10:49:36 PM [vite] (client) hmr update /components/RadioGroup.tsx, /preview/styles.css
10:50:15 PM [vite] (client) hmr update /components/RadioGroup.tsx, /preview/styles.css
10:50:15 PM [vite] (client) hmr update /components/RadioGroup.tsx, /preview/styles.css
10:50:54 PM [vite] (client) hmr update /components/RadioGroup.tsx, /preview/styles.css
10:50:54 PM [vite] (client) hmr update /components/RadioGroup.tsx, /preview/styles.css
10:51:33 PM [vite] (client) hmr update /components/RadioGroup.tsx, /preview/styles.css
10:51:33 PM [vite] (client) hmr update /components/RadioGroup.tsx, /preview/styles.css
10:52:16 PM [vite] (client) hmr update /components/RadioGroup.tsx, /preview/styles.css
10:52:16 PM [vite] (client) hmr update /components/RadioGroup.tsx, /preview/styles.css
10:52:55 PM [vite] (client) hmr update /components/RadioGroup.tsx, /preview/styles.css
10:52:55 PM [vite] (client) hmr update /components/RadioGroup.tsx, /preview/styles.css
10:53:37 PM [vite] (client) hmr update /components/RadioGroup.tsx, /preview/styles.css
10:53:38 PM [vite] (client) hmr update /components/RadioGroup.tsx, /preview/styles.css
10:54:16 PM [vite] (client) hmr update /components/RadioGroup.tsx, /preview/styles.css
10:54:17 PM [vite] (client) hmr update /components/RadioGroup.tsx, /preview/styles.css
10:54:55 PM [vite] (client) hmr update /components/RadioGroup.tsx, /preview/styles.css
10:54:56 PM [vite] (client) hmr update /components/RadioGroup.tsx, /preview/styles.css
10:55:35 PM [vite] (client) hmr update /components/RadioGroup.tsx, /preview/styles.css
10:55:35 PM [vite] (client) hmr update /components/RadioGroup.tsx, /preview/styles.css
10:56:19 PM [vite] (client) hmr update /components/RadioGroup.tsx, /preview/styles.css
10:56:20 PM [vite] (client) hmr update /components/RadioGroup.tsx, /preview/styles.css
10:56:59 PM [vite] (client) hmr update /components/RadioGroup.tsx, /preview/styles.css
10:56:59 PM [vite] (client) hmr update /components/RadioGroup.tsx, /preview/styles.css
10:57:38 PM [vite] (client) hmr update /components/RadioGroup.tsx, /preview/styles.css
10:57:38 PM [vite] (client) hmr update /components/RadioGroup.tsx, /preview/styles.css
10:58:13 PM [vite] (client) hmr update /components/RadioGroup.tsx, /preview/styles.css
10:58:13 PM [vite] (client) hmr update /components/RadioGroup.tsx, /preview/styles.css
10:58:53 PM [vite] (client) hmr update /components/RadioGroup.tsx, /preview/styles.css
10:58:53 PM [vite] (client) hmr update /components/RadioGroup.tsx, /preview/styles.css
10:59:32 PM [vite] (client) hmr update /components/RadioGroup.tsx, /preview/styles.css
10:59:32 PM [vite] (client) hmr update /components/RadioGroup.tsx, /preview/styles.css
11:00:11 PM [vite] (client) hmr update /components/RadioGroup.tsx, /preview/styles.css
11:00:11 PM [vite] (client) hmr update /components/RadioGroup.tsx, /preview/styles.css
11:00:50 PM [vite] (client) hmr update /components/RadioGroup.tsx, /preview/styles.css
11:00:51 PM [vite] (client) hmr update /components/RadioGroup.tsx, /preview/styles.css
11:01:29 PM [vite] (client) hmr update /components/RadioGroup.tsx, /preview/styles.css
11:01:30 PM [vite] (client) hmr update /components/RadioGroup.tsx, /preview/styles.css
11:02:09 PM [vite] (client) hmr update /components/RadioGroup.tsx, /preview/styles.css
11:02:09 PM [vite] (client) hmr update /components/RadioGroup.tsx, /preview/styles.css
11:02:53 PM [vite] (client) hmr update /components/RadioGroup.tsx, /preview/styles.css
11:02:53 PM [vite] (client) hmr update /components/RadioGroup.tsx, /preview/styles.css
11:03:32 PM [vite] (client) hmr update /components/RadioGroup.tsx, /preview/styles.css
11:03:32 PM [vite] (client) hmr update /components/RadioGroup.tsx, /preview/styles.css
11:04:11 PM [vite] (client) hmr update /components/RadioGroup.tsx, /preview/styles.css
11:04:11 PM [vite] (client) hmr update /components/RadioGroup.tsx, /preview/styles.css
11:04:51 PM [vite] (client) hmr update /components/RadioGroup.tsx, /preview/styles.css
11:04:51 PM [vite] (client) hmr update /components/RadioGroup.tsx, /preview/styles.css
11:05:30 PM [vite] (client) hmr update /components/RadioGroup.tsx, /preview/styles.css
11:05:30 PM [vite] (client) hmr update /components/RadioGroup.tsx, /preview/styles.css
11:06:13 PM [vite] (client) hmr update /components/RadioGroup.tsx, /preview/styles.css
11:06:14 PM [vite] (client) hmr update /components/RadioGroup.tsx, /preview/styles.css
11:06:52 PM [vite] (client) hmr update /components/RadioGroup.tsx, /preview/styles.css
11:06:53 PM [vite] (client) hmr update /components/RadioGroup.tsx, /preview/styles.css
11:07:31 PM [vite] (client) hmr update /components/RadioGroup.tsx, /preview/styles.css
11:07:32 PM [vite] (client) hmr update /components/RadioGroup.tsx, /preview/styles.css
11:08:10 PM [vite] (client) hmr update /components/RadioGroup.tsx, /preview/styles.css
11:08:11 PM [vite] (client) hmr update /components/RadioGroup.tsx, /preview/styles.css
11:08:49 PM [vite] (client) hmr update /components/RadioGroup.tsx, /preview/styles.css
11:08:50 PM [vite] (client) hmr update /components/RadioGroup.tsx, /preview/styles.css
11:09:29 PM [vite] (client) hmr update /components/RadioGroup.tsx, /preview/styles.css
11:09:29 PM [vite] (client) hmr update /components/RadioGroup.tsx, /preview/styles.css
11:10:08 PM [vite] (client) hmr update /components/RadioGroup.tsx, /preview/styles.css
11:10:08 PM [vite] (client) hmr update /components/RadioGroup.tsx, /preview/styles.css
11:10:47 PM [vite] (client) hmr update /components/RadioGroup.tsx, /preview/styles.css
11:10:47 PM [vite] (client) hmr update /components/RadioGroup.tsx, /preview/styles.css
11:11:26 PM [vite] (client) hmr update /components/RadioGroup.tsx, /preview/styles.css
11:11:27 PM [vite] (client) hmr update /components/RadioGroup.tsx, /preview/styles.css
11:12:10 PM [vite] (client) hmr update /components/RadioGroup.tsx, /preview/styles.css
11:12:10 PM [vite] (client) hmr update /components/RadioGroup.tsx, /preview/styles.css
11:12:52 PM [vite] (client) hmr update /components/RadioGroup.tsx, /preview/styles.css
11:12:52 PM [vite] (client) hmr update /components/RadioGroup.tsx, /preview/styles.css
11:13:32 PM [vite] (client) hmr update /components/RadioGroup.tsx, /preview/styles.css
11:13:32 PM [vite] (client) hmr update /components/RadioGroup.tsx, /preview/styles.css
11:14:16 PM [vite] (client) hmr update /components/RadioGroup.tsx, /preview/styles.css
11:14:16 PM [vite] (client) hmr update /components/RadioGroup.tsx, /preview/styles.css
11:14:56 PM [vite] (client) hmr update /components/RadioGroup.tsx, /preview/styles.css
11:14:56 PM [vite] (client) hmr update /components/RadioGroup.tsx, /preview/styles.css
11:15:36 PM [vite] (client) hmr update /components/RadioGroup.tsx, /preview/styles.css
11:15:37 PM [vite] (client) hmr update /components/RadioGroup.tsx, /preview/styles.css
11:16:19 PM [vite] (client) hmr update /components/RadioGroup.tsx, /preview/styles.css
11:16:19 PM [vite] (client) hmr update /components/RadioGroup.tsx, /preview/styles.css
11:17:01 PM [vite] (client) hmr update /components/RadioGroup.tsx, /preview/styles.css
11:17:02 PM [vite] (client) hmr update /components/RadioGroup.tsx, /preview/styles.css
11:17:42 PM [vite] (client) hmr update /components/RadioGroup.tsx, /preview/styles.css
11:17:42 PM [vite] (client) hmr update /components/RadioGroup.tsx, /preview/styles.css
11:18:28 PM [vite] (client) hmr update /components/RadioGroup.tsx, /preview/styles.css
11:18:28 PM [vite] (client) hmr update /components/RadioGroup.tsx, /preview/styles.css
11:19:09 PM [vite] (client) hmr update /components/RadioGroup.tsx, /preview/styles.css
11:19:09 PM [vite] (client) hmr update /components/RadioGroup.tsx, /preview/styles.css
11:19:54 PM [vite] (client) hmr update /components/RadioGroup.tsx, /preview/styles.css
11:19:55 PM [vite] (client) hmr update /components/RadioGroup.tsx, /preview/styles.css
11:20:34 PM [vite] (client) hmr update /components/RadioGroup.tsx, /preview/styles.css
11:20:35 PM [vite] (client) hmr update /components/RadioGroup.tsx, /preview/styles.css
11:21:15 PM [vite] (client) hmr update /components/RadioGroup.tsx, /preview/styles.css
11:21:15 PM [vite] (client) hmr update /components/RadioGroup.tsx, /preview/styles.css
11:21:55 PM [vite] (client) hmr update /components/RadioGroup.tsx, /preview/styles.css
11:21:55 PM [vite] (client) hmr update /components/RadioGroup.tsx, /preview/styles.css
11:22:35 PM [vite] (client) hmr update /components/RadioGroup.tsx, /preview/styles.css
11:22:35 PM [vite] (client) hmr update /components/RadioGroup.tsx, /preview/styles.css
11:23:15 PM [vite] (client) hmr update /components/RadioGroup.tsx, /preview/styles.css
11:23:16 PM [vite] (client) hmr update /components/RadioGroup.tsx, /preview/styles.css
11:23:59 PM [vite] (client) hmr update /components/RadioGroup.tsx, /preview/styles.css
11:23:59 PM [vite] (client) hmr update /components/RadioGroup.tsx, /preview/styles.css
11:24:39 PM [vite] (client) hmr update /components/RadioGroup.tsx, /preview/styles.css
11:24:40 PM [vite] (client) hmr update /components/RadioGroup.tsx, /preview/styles.css
11:25:26 PM [vite] (client) hmr update /components/RadioGroup.tsx, /preview/styles.css
11:25:27 PM [vite] (client) hmr update /components/RadioGroup.tsx, /preview/styles.css
11:26:06 PM [vite] (client) hmr update /components/RadioGroup.tsx, /preview/styles.css
11:26:07 PM [vite] (client) hmr update /components/RadioGroup.tsx, /preview/styles.css
11:26:47 PM [vite] (client) hmr update /components/RadioGroup.tsx, /preview/styles.css
11:26:47 PM [vite] (client) hmr update /components/RadioGroup.tsx, /preview/styles.css
11:27:27 PM [vite] (client) hmr update /components/RadioGroup.tsx, /preview/styles.css
11:27:27 PM [vite] (client) hmr update /components/RadioGroup.tsx, /preview/styles.css
11:28:07 PM [vite] (client) hmr update /components/RadioGroup.tsx, /preview/styles.css
11:28:07 PM [vite] (client) hmr update /components/RadioGroup.tsx, /preview/styles.css
11:28:47 PM [vite] (client) hmr update /components/RadioGroup.tsx, /preview/styles.css
11:28:47 PM [vite] (client) hmr update /components/RadioGroup.tsx, /preview/styles.css
11:29:27 PM [vite] (client) hmr update /components/RadioGroup.tsx, /preview/styles.css
11:29:28 PM [vite] (client) hmr update /components/RadioGroup.tsx, /preview/styles.css
11:30:15 PM [vite] (client) hmr update /components/RadioGroup.tsx, /preview/styles.css
11:30:15 PM [vite] (client) hmr update /components/RadioGroup.tsx, /preview/styles.css
11:30:55 PM [vite] (client) hmr update /components/RadioGroup.tsx, /preview/styles.css
11:30:56 PM [vite] (client) hmr update /components/RadioGroup.tsx, /preview/styles.css
11:31:36 PM [vite] (client) hmr update /components/RadioGroup.tsx, /preview/styles.css
11:31:36 PM [vite] (client) hmr update /components/RadioGroup.tsx, /preview/styles.css
11:32:19 PM [vite] (client) hmr update /components/RadioGroup.tsx, /preview/styles.css
11:32:19 PM [vite] (client) hmr update /components/RadioGroup.tsx, /preview/styles.css
11:32:59 PM [vite] (client) hmr update /components/RadioGroup.tsx, /preview/styles.css
11:33:00 PM [vite] (client) hmr update /components/RadioGroup.tsx, /preview/styles.css
11:33:40 PM [vite] (client) hmr update /components/RadioGroup.tsx, /preview/styles.css
11:33:40 PM [vite] (client) hmr update /components/RadioGroup.tsx, /preview/styles.css
11:34:24 PM [vite] (client) hmr update /components/RadioGroup.tsx, /preview/styles.css
11:34:25 PM [vite] (client) hmr update /components/RadioGroup.tsx, /preview/styles.css
11:35:05 PM [vite] (client) hmr update /components/RadioGroup.tsx, /preview/styles.css
11:35:05 PM [vite] (client) hmr update /components/RadioGroup.tsx, /preview/styles.css
11:35:45 PM [vite] (client) hmr update /components/RadioGroup.tsx, /preview/styles.css
11:35:46 PM [vite] (client) hmr update /components/RadioGroup.tsx, /preview/styles.css
11:36:28 PM [vite] (client) hmr update /components/RadioGroup.tsx, /preview/styles.css
11:36:28 PM [vite] (client) hmr update /components/RadioGroup.tsx, /preview/styles.css
11:37:09 PM [vite] (client) hmr update /components/RadioGroup.tsx, /preview/styles.css
11:37:10 PM [vite] (client) hmr update /components/RadioGroup.tsx, /preview/styles.css
11:37:50 PM [vite] (client) hmr update /components/RadioGroup.tsx, /preview/styles.css
11:37:50 PM [vite] (client) hmr update /components/RadioGroup.tsx, /preview/styles.css
11:38:33 PM [vite] (client) hmr update /components/RadioGroup.tsx, /preview/styles.css
11:38:33 PM [vite] (client) hmr update /components/RadioGroup.tsx, /preview/styles.css
11:39:13 PM [vite] (client) hmr update /components/RadioGroup.tsx, /preview/styles.css
11:39:13 PM [vite] (client) hmr update /components/RadioGroup.tsx, /preview/styles.css
11:39:54 PM [vite] (client) hmr update /components/RadioGroup.tsx, /preview/styles.css
11:39:54 PM [vite] (client) hmr update /components/RadioGroup.tsx, /preview/styles.css
11:40:35 PM [vite] (client) hmr update /components/RadioGroup.tsx, /preview/styles.css
11:40:35 PM [vite] (client) hmr update /components/RadioGroup.tsx, /preview/styles.css
11:41:14 PM [vite] (client) hmr update /components/RadioGroup.tsx, /preview/styles.css
11:41:15 PM [vite] (client) hmr update /components/RadioGroup.tsx, /preview/styles.css
11:41:57 PM [vite] (client) hmr update /components/RadioGroup.tsx, /preview/styles.css
11:41:57 PM [vite] (client) hmr update /components/RadioGroup.tsx, /preview/styles.css
11:42:38 PM [vite] (client) hmr update /components/RadioGroup.tsx, /preview/styles.css
11:42:38 PM [vite] (client) hmr update /components/RadioGroup.tsx, /preview/styles.css
11:43:21 PM [vite] (client) hmr update /components/RadioGroup.tsx, /preview/styles.css
11:43:21 PM [vite] (client) hmr update /components/RadioGroup.tsx, /preview/styles.css
11:44:02 PM [vite] (client) hmr update /components/RadioGroup.tsx, /preview/styles.css
11:44:03 PM [vite] (client) hmr update /components/RadioGroup.tsx, /preview/styles.css
11:44:48 PM [vite] (client) hmr update /components/RadioGroup.tsx, /preview/styles.css
11:44:48 PM [vite] (client) hmr update /components/RadioGroup.tsx, /preview/styles.css
11:45:31 PM [vite] (client) hmr update /components/RadioGroup.tsx, /preview/styles.css
11:45:32 PM [vite] (client) hmr update /components/RadioGroup.tsx, /preview/styles.css
11:46:14 PM [vite] (client) hmr update /components/RadioGroup.tsx, /preview/styles.css
11:46:14 PM [vite] (client) hmr update /components/RadioGroup.tsx, /preview/styles.css
11:46:54 PM [vite] (client) hmr update /components/RadioGroup.tsx, /preview/styles.css
11:46:55 PM [vite] (client) hmr update /components/RadioGroup.tsx, /preview/styles.css
11:47:38 PM [vite] (client) hmr update /components/RadioGroup.tsx, /preview/styles.css
11:47:38 PM [vite] (client) hmr update /components/RadioGroup.tsx, /preview/styles.css
11:48:39 PM [vite] (client) hmr update /components/RadioGroup.tsx, /preview/styles.css
11:48:40 PM [vite] (client) hmr update /components/RadioGroup.tsx, /preview/styles.css
11:49:19 PM [vite] (client) hmr update /components/RadioGroup.tsx, /preview/styles.css
11:49:20 PM [vite] (client) hmr update /components/RadioGroup.tsx, /preview/styles.css
11:49:59 PM [vite] (client) hmr update /components/RadioGroup.tsx, /preview/styles.css
11:50:00 PM [vite] (client) hmr update /components/RadioGroup.tsx, /preview/styles.css
11:50:43 PM [vite] (client) hmr update /components/RadioGroup.tsx, /preview/styles.css
11:50:43 PM [vite] (client) hmr update /components/RadioGroup.tsx, /preview/styles.css
11:51:23 PM [vite] (client) hmr update /components/RadioGroup.tsx, /preview/styles.css
11:51:24 PM [vite] (client) hmr update /components/RadioGroup.tsx, /preview/styles.css
11:52:07 PM [vite] (client) hmr update /components/RadioGroup.tsx, /preview/styles.css
11:52:07 PM [vite] (client) hmr update /components/RadioGroup.tsx, /preview/styles.css
11:52:47 PM [vite] (client) hmr update /components/RadioGroup.tsx, /preview/styles.css
11:52:47 PM [vite] (client) hmr update /components/RadioGroup.tsx, /preview/styles.css
11:53:30 PM [vite] (client) hmr update /components/RadioGroup.tsx, /preview/styles.css
11:53:31 PM [vite] (client) hmr update /components/RadioGroup.tsx, /preview/styles.css
11:54:10 PM [vite] (client) hmr update /components/RadioGroup.tsx, /preview/styles.css
11:54:10 PM [vite] (client) hmr update /components/RadioGroup.tsx, /preview/styles.css
11:54:50 PM [vite] (client) hmr update /components/RadioGroup.tsx, /preview/styles.css
11:54:51 PM [vite] (client) hmr update /components/RadioGroup.tsx, /preview/styles.css
11:55:30 PM [vite] (client) hmr update /components/RadioGroup.tsx, /preview/styles.css
11:55:31 PM [vite] (client) hmr update /components/RadioGroup.tsx, /preview/styles.css
11:56:16 PM [vite] (client) hmr update /components/RadioGroup.tsx, /preview/styles.css
11:56:16 PM [vite] (client) hmr update /components/RadioGroup.tsx, /preview/styles.css
11:56:56 PM [vite] (client) hmr update /components/RadioGroup.tsx, /preview/styles.css
11:56:57 PM [vite] (client) hmr update /components/RadioGroup.tsx, /preview/styles.css
11:57:36 PM [vite] (client) hmr update /components/RadioGroup.tsx, /preview/styles.css
11:57:37 PM [vite] (client) hmr update /components/RadioGroup.tsx, /preview/styles.css
11:58:17 PM [vite] (client) hmr update /components/RadioGroup.tsx, /preview/styles.css
11:58:17 PM [vite] (client) hmr update /components/RadioGroup.tsx, /preview/styles.css
11:58:57 PM [vite] (client) hmr update /components/RadioGroup.tsx, /preview/styles.css
11:58:57 PM [vite] (client) hmr update /components/RadioGroup.tsx, /preview/styles.css
11:59:41 PM [vite] (client) hmr update /components/RadioGroup.tsx, /preview/styles.css
11:59:41 PM [vite] (client) hmr update /components/RadioGroup.tsx, /preview/styles.css
12:00:21 AM [vite] (client) hmr update /components/RadioGroup.tsx, /preview/styles.css
12:00:21 AM [vite] (client) hmr update /components/RadioGroup.tsx, /preview/styles.css
12:01:08 AM [vite] (client) hmr update /components/RadioGroup.tsx, /preview/styles.css
12:01:09 AM [vite] (client) hmr update /components/RadioGroup.tsx, /preview/styles.css
12:01:49 AM [vite] (client) hmr update /components/RadioGroup.tsx, /preview/styles.css
12:01:49 AM [vite] (client) hmr update /components/RadioGroup.tsx, /preview/styles.css
12:02:29 AM [vite] (client) hmr update /components/RadioGroup.tsx, /preview/styles.css
12:02:29 AM [vite] (client) hmr update /components/RadioGroup.tsx, /preview/styles.css
12:03:09 AM [vite] (client) hmr update /components/RadioGroup.tsx, /preview/styles.css
12:03:09 AM [vite] (client) hmr update /components/RadioGroup.tsx, /preview/styles.css
12:03:49 AM [vite] (client) hmr update /components/RadioGroup.tsx, /preview/styles.css
12:03:50 AM [vite] (client) hmr update /components/RadioGroup.tsx, /preview/styles.css
12:04:30 AM [vite] (client) hmr update /components/RadioGroup.tsx, /preview/styles.css
12:04:30 AM [vite] (client) hmr update /components/RadioGroup.tsx, /preview/styles.css
12:05:15 AM [vite] (client) hmr update /components/RadioGroup.tsx, /preview/styles.css
12:05:15 AM [vite] (client) hmr update /components/RadioGroup.tsx, /preview/styles.css
12:05:56 AM [vite] (client) hmr update /components/RadioGroup.tsx, /preview/styles.css
12:05:57 AM [vite] (client) hmr update /components/RadioGroup.tsx, /preview/styles.css
12:06:37 AM [vite] (client) hmr update /components/RadioGroup.tsx, /preview/styles.css
12:06:37 AM [vite] (client) hmr update /components/RadioGroup.tsx, /preview/styles.css
12:07:17 AM [vite] (client) hmr update /components/RadioGroup.tsx, /preview/styles.css
12:07:17 AM [vite] (client) hmr update /components/RadioGroup.tsx, /preview/styles.css
12:07:57 AM [vite] (client) hmr update /components/RadioGroup.tsx, /preview/styles.css
12:07:58 AM [vite] (client) hmr update /components/RadioGroup.tsx, /preview/styles.css
12:08:38 AM [vite] (client) hmr update /components/RadioGroup.tsx, /preview/styles.css
12:08:38 AM [vite] (client) hmr update /components/RadioGroup.tsx, /preview/styles.css
12:09:18 AM [vite] (client) hmr update /components/RadioGroup.tsx, /preview/styles.css
12:09:18 AM [vite] (client) hmr update /components/RadioGroup.tsx, /preview/styles.css
12:14:17 AM [vite] (client) hmr update /components/Tabs.tsx, /preview/styles.css
12:14:17 AM [vite] (client) hmr update /components/Tabs.tsx, /preview/styles.css
12:14:37 AM [vite] (client) hmr update /components/Tabs.tsx, /preview/styles.css
12:14:37 AM [vite] (client) hmr update /components/Tabs.tsx, /preview/styles.css
12:15:12 AM [vite] (client) hmr update /components/Tabs.tsx, /preview/styles.css
12:15:12 AM [vite] (client) hmr update /components/Tabs.tsx, /preview/styles.css
12:15:43 AM [vite] (client) hmr update /components/Tooltip.tsx, /preview/styles.css
12:15:43 AM [vite] (client) hmr update /components/Tooltip.tsx, /preview/styles.css
12:16:07 AM [vite] (client) hmr update /components/Tooltip.tsx, /preview/styles.css
12:16:07 AM [vite] (client) hmr update /components/Tooltip.tsx, /preview/styles.css
12:16:32 AM [vite] (client) hmr update /components/Tooltip.tsx, /preview/styles.css
